#
# There is insufficient memory for the Java Runtime Environment to continue.
# Native memory allocation (malloc) failed to allocate 1048576 bytes for AllocateHeap
# Possible reasons:
#   The system is out of physical RAM or swap space
#   The process is running with CompressedOops enabled, and the Java Heap may be blocking the growth of the native heap
# Possible solutions:
#   Reduce memory load on the system
#   Increase physical memory or swap space
#   Check if swap backing store is full
#   Decrease Java heap size (-Xmx/-Xms)
#   Decrease number of Java threads
#   Decrease Java thread stack sizes (-Xss)
#   Set larger code cache with -XX:ReservedCodeCacheSize=
#   JVM is running with Unscaled Compressed Oops mode in which the Java heap is
#     placed in the first 4GB address space. The Java Heap base address is the
#     maximum limit for the native heap growth. Please use -XX:HeapBaseMinAddress
#     to set the Java Heap base and to place the Java Heap above 4GB virtual address.
# This output file may be truncated or incomplete.
#
#  Out of Memory Error (memory/allocation.inline.hpp:61), pid=23472, tid=0x00000000000052a8
#
# JRE version:  (8.0_261-b12) (build )
# Java VM: Java HotSpot(TM) 64-Bit Server VM (25.261-b12 mixed mode windows-amd64 compressed oops)
# Failed to write core dump. Minidumps are not enabled by default on client versions of Windows
#

---------------  T H R E A D  ---------------

Current thread (0x00000200801ea000):  JavaThread "Unknown thread" [_thread_in_vm, id=21160, stack(0x000000a8f9100000,0x000000a8f9200000)]

Stack: [0x000000a8f9100000,0x000000a8f9200000]
Native frames: (J=compiled Java code, j=interpreted, Vv=VM code, C=native code)
V  [jvm.dll+0x33e5f9]
V  [jvm.dll+0x2850e2]
V  [jvm.dll+0x285d8d]
V  [jvm.dll+0x27c895]
V  [jvm.dll+0x1565d]
V  [jvm.dll+0x3d9117]
V  [jvm.dll+0x3d5557]
V  [jvm.dll+0x10c61f]
V  [jvm.dll+0x21a00b]
V  [jvm.dll+0x248687]
V  [jvm.dll+0x172116]
C  [javaw.exe+0x2322]
C  [javaw.exe+0x16564]
C  [KERNEL32.DLL+0x17c24]
C  [ntdll.dll+0x6d721]


---------------  P R O C E S S  ---------------

Java Threads: ( => current thread )

Other Threads:

=>0x00000200801ea000 (exited) JavaThread "Unknown thread" [_thread_in_vm, id=21160, stack(0x000000a8f9100000,0x000000a8f9200000)]

VM state:not at safepoint (normal execution)

VM Mutex/Monitor currently owned by a thread: None

heap address: 0x00000000c2200000, size: 990 MB, Compressed Oops mode: 32-bit
Narrow klass base: 0x0000000000000000, Narrow klass shift: 3
Compressed class space size: 1073741824 Address: 0x0000000100000000

Heap:
 PSYoungGen      total 18432K, used 317K [0x00000000eb600000, 0x00000000eca80000, 0x0000000100000000)
  eden space 15872K, 2% used [0x00000000eb600000,0x00000000eb64f5d0,0x00000000ec580000)
  from space 2560K, 0% used [0x00000000ec800000,0x00000000ec800000,0x00000000eca80000)
  to   space 2560K, 0% used [0x00000000ec580000,0x00000000ec580000,0x00000000ec800000)
 ParOldGen       total 42496K, used 0K [0x00000000c2200000, 0x00000000c4b80000, 0x00000000eb600000)
  object space 42496K, 0% used [0x00000000c2200000,0x00000000c2200000,0x00000000c4b80000)
 Metaspace       used 754K, capacity 1092K, committed 1152K, reserved 1060864K
  class space    used 76K, capacity 384K, committed 384K, reserved 1048576K

Card table byte_map: [0x0000020081e00000,0x0000020081ff0000] byte_map_base: 0x00000200817ef000

Marking Bits: (ParMarkBitMap*) 0x000000005e284fb0
 Begin Bits: [0x0000020091c10000, 0x0000020092b88000)
 End Bits:   [0x0000020092b88000, 0x0000020093b00000)

Polling page: 0x0000020080150000

CodeCache: size=245760Kb used=328Kb max_used=328Kb free=245431Kb
 bounds [0x0000020082850000, 0x0000020082ac0000, 0x0000020091850000]
 total_blobs=58 nmethods=0 adapters=38
 compilation: enabled

Compilation events (0 events):
No events

GC Heap History (0 events):
No events

Deoptimization events (0 events):
No events

Classes redefined (0 events):
No events

Internal exceptions (0 events):
No events

Events (10 events):
Event: 0.182 loading class java/lang/Short
Event: 0.182 loading class java/lang/Short done
Event: 0.182 loading class java/lang/Integer
Event: 0.183 loading class java/lang/Integer done
Event: 0.183 loading class java/lang/Long
Event: 0.184 loading class java/lang/Long done
Event: 0.186 loading class java/lang/NullPointerException
Event: 0.186 loading class java/lang/NullPointerException done
Event: 0.186 loading class java/lang/ArithmeticException
Event: 0.186 loading class java/lang/ArithmeticException done


Dynamic libraries:
0x00007ff7d0eb0000 - 0x00007ff7d0ef7000 	C:\ProgramData\App-V\317A892F-90F0-49E9-8108-DBE50431F0FD\C2D3CC5F-B862-4ACB-A22B-5599C2D817FB\Root\VFS\ProgramFilesX64\BHS Eclipse\Eclipse Neon\jre\bin\javaw.exe
0x00007fff9ac00000 - 0x00007fff9adf0000 	C:\WINDOWS\SYSTEM32\ntdll.dll
0x00007fff99950000 - 0x00007fff99a02000 	C:\WINDOWS\System32\KERNEL32.DLL
0x00007fff97b80000 - 0x00007fff97e25000 	C:\WINDOWS\System32\KERNELBASE.dll
0x00007fff5e810000 - 0x00007fff5ea2e000 	C:\Windows\System32\AppVEntSubsystems64.dll
0x00007fff9a760000 - 0x00007fff9a803000 	C:\WINDOWS\System32\ADVAPI32.dll
0x00007fff9a690000 - 0x00007fff9a72e000 	C:\WINDOWS\System32\msvcrt.dll
0x00007fff991c0000 - 0x00007fff99257000 	C:\WINDOWS\System32\sechost.dll
0x00007fff98e50000 - 0x00007fff98f6f000 	C:\WINDOWS\System32\RPCRT4.dll
0x00007fff99ef0000 - 0x00007fff9a227000 	C:\WINDOWS\System32\combase.dll
0x00007fff98670000 - 0x00007fff9876a000 	C:\WINDOWS\System32\ucrtbase.dll
0x00007fff985e0000 - 0x00007fff98661000 	C:\WINDOWS\System32\bcryptPrimitives.dll
0x00007fff98f70000 - 0x00007fff99017000 	C:\WINDOWS\System32\shcore.dll
0x00007fff99020000 - 0x00007fff991b4000 	C:\WINDOWS\System32\USER32.dll
0x00007fff985b0000 - 0x00007fff985d1000 	C:\WINDOWS\System32\win32u.dll
0x00007fff9a730000 - 0x00007fff9a756000 	C:\WINDOWS\System32\GDI32.dll
0x00007fff98770000 - 0x00007fff98908000 	C:\WINDOWS\System32\gdi32full.dll
0x00007fff98940000 - 0x00007fff989de000 	C:\WINDOWS\System32\msvcp_win.dll
0x00007fff9a810000 - 0x00007fff9a967000 	C:\WINDOWS\System32\ole32.dll
0x00007fff99260000 - 0x00007fff99948000 	C:\WINDOWS\System32\SHELL32.dll
0x00007fff98c60000 - 0x00007fff98caa000 	C:\WINDOWS\System32\cfgmgr32.dll
0x00007fff97e30000 - 0x00007fff985ab000 	C:\WINDOWS\System32\windows.storage.dll
0x00007fff97ae0000 - 0x00007fff97b03000 	C:\WINDOWS\System32\profapi.dll
0x00007fff97b10000 - 0x00007fff97b5a000 	C:\WINDOWS\System32\powrprof.dll
0x00007fff97ab0000 - 0x00007fff97ac0000 	C:\WINDOWS\System32\UMPDC.dll
0x00007fff98cb0000 - 0x00007fff98d02000 	C:\WINDOWS\System32\shlwapi.dll
0x00007fff97b60000 - 0x00007fff97b71000 	C:\WINDOWS\System32\kernel.appcore.dll
0x00007fff98be0000 - 0x00007fff98bf7000 	C:\WINDOWS\System32\cryptsp.dll
0x00007fff887f0000 - 0x00007fff88a74000 	C:\WINDOWS\WinSxS\amd64_microsoft.windows.common-controls_6595b64144ccf1df_6.0.18362.1379_none_9e7ff3b3e45cc0c4\COMCTL32.dll
0x00007fff979d0000 - 0x00007fff979f5000 	C:\WINDOWS\SYSTEM32\USERENV.dll
0x00007fff9a660000 - 0x00007fff9a68e000 	C:\WINDOWS\System32\IMM32.DLL
0x00007fff9a300000 - 0x00007fff9a3c5000 	C:\WINDOWS\System32\oleaut32.dll
0x00007fff8aee0000 - 0x00007fff8aef5000 	C:\ProgramData\App-V\317A892F-90F0-49E9-8108-DBE50431F0FD\C2D3CC5F-B862-4ACB-A22B-5599C2D817FB\Root\VFS\ProgramFilesX64\BHS Eclipse\Eclipse Neon\jre\bin\vcruntime140.dll
0x00007fff7b5b0000 - 0x00007fff7b64b000 	C:\ProgramData\App-V\317A892F-90F0-49E9-8108-DBE50431F0FD\C2D3CC5F-B862-4ACB-A22B-5599C2D817FB\Root\VFS\ProgramFilesX64\BHS Eclipse\Eclipse Neon\jre\bin\msvcp140.dll
0x000000005da90000 - 0x000000005e2fc000 	C:\ProgramData\App-V\317A892F-90F0-49E9-8108-DBE50431F0FD\C2D3CC5F-B862-4ACB-A22B-5599C2D817FB\Root\VFS\ProgramFilesX64\BHS Eclipse\Eclipse Neon\jre\bin\server\jvm.dll
0x00007fff9a980000 - 0x00007fff9a988000 	C:\WINDOWS\System32\PSAPI.DLL
0x00007fff881a0000 - 0x00007fff881a9000 	C:\WINDOWS\SYSTEM32\WSOCK32.dll
0x00007fff9a290000 - 0x00007fff9a2ff000 	C:\WINDOWS\System32\WS2_32.dll
0x00007fff894f0000 - 0x00007fff89514000 	C:\WINDOWS\SYSTEM32\WINMM.dll
0x00007fff8bd20000 - 0x00007fff8bd2a000 	C:\WINDOWS\SYSTEM32\VERSION.dll
0x00007fff894c0000 - 0x00007fff894ed000 	C:\WINDOWS\SYSTEM32\WINMMBASE.dll
0x00007fff8b0b0000 - 0x00007fff8b0c0000 	C:\ProgramData\App-V\317A892F-90F0-49E9-8108-DBE50431F0FD\C2D3CC5F-B862-4ACB-A22B-5599C2D817FB\Root\VFS\ProgramFilesX64\BHS Eclipse\Eclipse Neon\jre\bin\verify.dll
0x00007fff7ea30000 - 0x00007fff7ea5b000 	C:\ProgramData\App-V\317A892F-90F0-49E9-8108-DBE50431F0FD\C2D3CC5F-B862-4ACB-A22B-5599C2D817FB\Root\VFS\ProgramFilesX64\BHS Eclipse\Eclipse Neon\jre\bin\java.dll
0x00007fff7ea10000 - 0x00007fff7ea28000 	C:\ProgramData\App-V\317A892F-90F0-49E9-8108-DBE50431F0FD\C2D3CC5F-B862-4ACB-A22B-5599C2D817FB\Root\VFS\ProgramFilesX64\BHS Eclipse\Eclipse Neon\jre\bin\zip.dll
0x00007fff960f0000 - 0x00007fff962e4000 	C:\WINDOWS\SYSTEM32\dbghelp.dll

VM Arguments:
jvm_args: -Dfile.encoding=Cp1252 
java_command: textExcel.TextExcel
java_class_path (initial): C:\java\git-1613151301727\TextExcel_YuAlexander\TextExcel\bin;C:\ProgramData\App-V\317A892F-90F0-49E9-8108-DBE50431F0FD\C2D3CC5F-B862-4ACB-A22B-5599C2D817FB\Root\VFS\ProgramFilesX64\BHS Eclipse\Eclipse Neon\plugins\org.junit_4.12.0.v201504281640\junit.jar;C:\ProgramData\App-V\317A892F-90F0-49E9-8108-DBE50431F0FD\C2D3CC5F-B862-4ACB-A22B-5599C2D817FB\Root\VFS\ProgramFilesX64\BHS Eclipse\Eclipse Neon\plugins\org.hamcrest.core_1.3.0.v201303031735.jar
Launcher Type: SUN_STANDARD

Environment Variables:
PATH=C:/Users/s-yualex/AppData/Local/Microsoft/AppV/Client/Integration/317A892F-90F0-49E9-8108-DBE50431F0FD/Root/VFS/ProgramFilesX64/BHS Eclipse/Eclipse Neon/jre/bin/server;C:/Users/s-yualex/AppData/Local/Microsoft/AppV/Client/Integration/317A892F-90F0-49E9-8108-DBE50431F0FD/Root/VFS/ProgramFilesX64/BHS Eclipse/Eclipse Neon/jre/bin;C:/Users/s-yualex/AppData/Local/Microsoft/AppV/Client/Integration/317A892F-90F0-49E9-8108-DBE50431F0FD/Root/VFS/ProgramFilesX64/BHS Eclipse/Eclipse Neon/jre/lib/amd64;C:\WINDOWS\system32;C:\WINDOWS;C:\WINDOWS\System32\Wbem;C:\WINDOWS\System32\WindowsPowerShell\v1.0\;C:\WINDOWS\System32\OpenSSH\;C:\Users\s-yualex\AppData\Local\Microsoft\WindowsApps;;C:\Program Files\BHS Eclipse\Eclipse Neon;
USERNAME=s-yualex
OS=Windows_NT
PROCESSOR_IDENTIFIER=Intel64 Family 6 Model 142 Stepping 10, GenuineIntel



---------------  S Y S T E M  ---------------

OS: Windows 10.0 , 64 bit Build 18362 (10.0.18362.1350)

CPU:total 4 (initial active 4) (2 cores per cpu, 2 threads per core) family 6 model 142 stepping 10, cmov, cx8, fxsr, mmx, sse, sse2, sse3, ssse3, sse4.1, sse4.2, popcnt, avx, avx2, aes, clmul, erms, 3dnowpref, lzcnt, ht, tsc, tscinvbit, bmi1, bmi2, adx

Memory: 4k page, physical 4050092k(323600k free), swap 16633004k(9860k free)

vm_info: Java HotSpot(TM) 64-Bit Server VM (25.261-b12) for windows-amd64 JRE (1.8.0_261-b12), built on Jun 18 2020 06:56:32 by "" with unknown MS VC++:1916

time: Tue Mar 16 23:46:05 2021
timezone: Pacific Daylight Time
elapsed time: 0 seconds (0d 0h 0m 0s)

